<?xml version="1.0" encoding="UTF-8"?>
<!-- Generated by org.testng.reporters.JUnitReportReporter -->
<testsuite hostname="LAPTOP-PQ81N8QU" failures="0" tests="1" name="runners.TestRunner" time="6.222" errors="0" timestamp="2025-08-11T09:39:22 IST" skipped="0">
  <testcase classname="runners.TestRunner" name="runScenario" time="6.222"/>
</testsuite> <!-- runners.TestRunner -->
